# JRE version: OpenJDK Runtime Environment (17.0.2+8) (build 17.0.2+8-86)
# Java VM: OpenJDK 64-Bit Server VM (17.0.2+8-86, mixed mode, sharing, tiered, compressed oops, compressed class ptrs, g1 gc, windows-amd64)
GC Precious Log:
 CPUs: 4 total, 4 available
 Memory: 7884M
 Large Page Support: Disabled
 NUMA Support: Disabled
 Compressed Oops: Enabled (32-bit)
 Heap Region Size: 1M
 Heap Min Capacity: 8M
 Heap Initial Capacity: 124M
 Heap Max Capacity: 1972M
 Pre-touch: Disabled
 Parallel Workers: 4
 Concurrent Workers: 1
 Concurrent Refinement Workers: 4
 Periodic GC: Disabled
Heap:
 garbage-first heap   total 189440K, used 52352K [0x0000000084c00000, 0x0000000100000000)
  region size 1024K, 23 young (23552K), 3 survivors (3072K)
 Metaspace       used 27706K, committed 27968K, reserved 1081344K
  class space    used 3649K, committed 3776K, reserved 1048576K
GC Heap History (14 events):
Event: 0.434 GC heap before
{Heap before GC invocations=0 (full 0):
 garbage-first heap   total 126976K, used 17408K [0x0000000084c00000, 0x0000000100000000)
  region size 1024K, 13 young (13312K), 0 survivors (0K)
 Metaspace       used 3889K, committed 4032K, reserved 1056768K
  class space    used 319K, committed 384K, reserved 1048576K
}
Event: 0.438 GC heap after
{Heap after GC invocations=1 (full 0):
 garbage-first heap   total 126976K, used 6288K [0x0000000084c00000, 0x0000000100000000)
  region size 1024K, 2 young (2048K), 2 survivors (2048K)
 Metaspace       used 3889K, committed 4032K, reserved 1056768K
  class space    used 319K, committed 384K, reserved 1048576K
}
Event: 0.785 GC heap before
{Heap before GC invocations=1 (full 0):
 garbage-first heap   total 126976K, used 21648K [0x0000000084c00000, 0x0000000100000000)
  region size 1024K, 18 young (18432K), 2 survivors (2048K)
 Metaspace       used 7701K, committed 7872K, reserved 1064960K
  class space    used 813K, committed 896K, reserved 1048576K
}
Event: 0.791 GC heap after
{Heap after GC invocations=2 (full 0):
 garbage-first heap   total 126976K, used 7968K [0x0000000084c00000, 0x0000000100000000)
  region size 1024K, 2 young (2048K), 2 survivors (2048K)
 Metaspace       used 7701K, committed 7872K, reserved 1064960K
  class space    used 813K, committed 896K, reserved 1048576K
}
Event: 2.031 GC heap before
{Heap before GC invocations=2 (full 0):
 garbage-first heap   total 126976K, used 67360K [0x0000000084c00000, 0x0000000100000000)
  region size 1024K, 57 young (58368K), 2 survivors (2048K)
 Metaspace       used 21223K, committed 21504K, reserved 1073152K
  class space    used 2606K, committed 2752K, reserved 1048576K
}
Event: 2.042 GC heap after
{Heap after GC invocations=3 (full 0):
 garbage-first heap   total 126976K, used 16870K [0x0000000084c00000, 0x0000000100000000)
  region size 1024K, 7 young (7168K), 7 survivors (7168K)
 Metaspace       used 21223K, committed 21504K, reserved 1073152K
  class space    used 2606K, committed 2752K, reserved 1048576K
}
Event: 2.510 GC heap before
{Heap before GC invocations=4 (full 0):
 garbage-first heap   total 65536K, used 54758K [0x0000000084c00000, 0x0000000100000000)
  region size 1024K, 38 young (38912K), 7 survivors (7168K)
 Metaspace       used 22950K, committed 23296K, reserved 1073152K
  class space    used 2970K, committed 3136K, reserved 1048576K
}
Event: 2.540 GC heap after
{Heap after GC invocations=5 (full 0):
 garbage-first heap   total 72704K, used 32604K [0x0000000084c00000, 0x0000000100000000)
  region size 1024K, 5 young (5120K), 5 survivors (5120K)
 Metaspace       used 22950K, committed 23296K, reserved 1073152K
  class space    used 2970K, committed 3136K, reserved 1048576K
}
Event: 2.545 GC heap before
{Heap before GC invocations=5 (full 0):
 garbage-first heap   total 72704K, used 33628K [0x0000000084c00000, 0x0000000100000000)
  region size 1024K, 6 young (6144K), 5 survivors (5120K)
 Metaspace       used 22950K, committed 23296K, reserved 1073152K
  class space    used 2970K, committed 3136K, reserved 1048576K
}
Event: 2.560 GC heap after
{Heap after GC invocations=6 (full 0):
 garbage-first heap   total 72704K, used 34271K [0x0000000084c00000, 0x0000000100000000)
  region size 1024K, 1 young (1024K), 1 survivors (1024K)
 Metaspace       used 22950K, committed 23296K, reserved 1073152K
  class space    used 2970K, committed 3136K, reserved 1048576K
}
Event: 2.639 GC heap before
{Heap before GC invocations=6 (full 0):
 garbage-first heap   total 72704K, used 38367K [0x0000000084c00000, 0x0000000100000000)
  region size 1024K, 6 young (6144K), 1 survivors (1024K)
 Metaspace       used 22960K, committed 23296K, reserved 1073152K
  class space    used 2970K, committed 3136K, reserved 1048576K
}
Event: 2.644 GC heap after
{Heap after GC invocations=7 (full 0):
 garbage-first heap   total 72704K, used 28769K [0x0000000084c00000, 0x0000000100000000)
  region size 1024K, 3 young (3072K), 3 survivors (3072K)
 Metaspace       used 22960K, committed 23296K, reserved 1073152K
  class space    used 2970K, committed 3136K, reserved 1048576K
}
Event: 2.859 GC heap before
{Heap before GC invocations=7 (full 0):
 garbage-first heap   total 72704K, used 51297K [0x0000000084c00000, 0x0000000100000000)
  region size 1024K, 21 young (21504K), 3 survivors (3072K)
 Metaspace       used 23291K, committed 23616K, reserved 1073152K
  class space    used 2993K, committed 3136K, reserved 1048576K
}
Event: 2.876 GC heap after
{Heap after GC invocations=8 (full 0):
 garbage-first heap   total 189440K, used 32896K [0x0000000084c00000, 0x0000000100000000)
  region size 1024K, 3 young (3072K), 3 survivors (3072K)
 Metaspace       used 23291K, committed 23616K, reserved 1073152K
  class space    used 2993K, committed 3136K, reserved 1048576K
}

