# JRE version: OpenJDK Runtime Environment (17.0.2+8) (build 17.0.2+8-86)
# Java VM: OpenJDK 64-Bit Server VM (17.0.2+8-86, mixed mode, sharing, tiered, compressed oops, compressed class ptrs, g1 gc, windows-amd64)
GC Precious Log:
 CPUs: 4 total, 4 available
 Memory: 7884M
 Large Page Support: Disabled
 NUMA Support: Disabled
 Compressed Oops: Enabled (32-bit)
 Heap Region Size: 1M
 Heap Min Capacity: 8M
 Heap Initial Capacity: 124M
 Heap Max Capacity: 2G
 Pre-touch: Disabled
 Parallel Workers: 4
 Concurrent Workers: 1
 Concurrent Refinement Workers: 4
 Periodic GC: Disabled
Heap:
 garbage-first heap   total 135168K, used 88090K [0x0000000080000000, 0x0000000100000000)
  region size 1024K, 22 young (22528K), 4 survivors (4096K)
 Metaspace       used 77737K, committed 78464K, reserved 495616K
  class space    used 10852K, committed 11200K, reserved 421888K
GC Heap History (20 events):
Event: 13.162 GC heap before
{Heap before GC invocations=13 (full 0):
 garbage-first heap   total 98304K, used 77345K [0x0000000080000000, 0x0000000100000000)
  region size 1024K, 44 young (45056K), 6 survivors (6144K)
 Metaspace       used 53368K, committed 54016K, reserved 471040K
  class space    used 7411K, committed 7680K, reserved 421888K
}
Event: 13.174 GC heap after
{Heap after GC invocations=14 (full 0):
 garbage-first heap   total 98304K, used 40937K [0x0000000080000000, 0x0000000100000000)
  region size 1024K, 4 young (4096K), 4 survivors (4096K)
 Metaspace       used 53368K, committed 54016K, reserved 471040K
  class space    used 7411K, committed 7680K, reserved 421888K
}
Event: 13.926 GC heap before
{Heap before GC invocations=14 (full 0):
 garbage-first heap   total 98304K, used 61417K [0x0000000080000000, 0x0000000100000000)
  region size 1024K, 21 young (21504K), 4 survivors (4096K)
 Metaspace       used 54663K, committed 55232K, reserved 471040K
  class space    used 7566K, committed 7808K, reserved 421888K
}
Event: 13.934 GC heap after
{Heap after GC invocations=15 (full 0):
 garbage-first heap   total 98304K, used 46417K [0x0000000080000000, 0x0000000100000000)
  region size 1024K, 3 young (3072K), 3 survivors (3072K)
 Metaspace       used 54663K, committed 55232K, reserved 471040K
  class space    used 7566K, committed 7808K, reserved 421888K
}
Event: 14.580 GC heap before
{Heap before GC invocations=16 (full 0):
 garbage-first heap   total 98304K, used 82257K [0x0000000080000000, 0x0000000100000000)
  region size 1024K, 34 young (34816K), 3 survivors (3072K)
 Metaspace       used 58043K, committed 58624K, reserved 479232K
  class space    used 8025K, committed 8256K, reserved 421888K
}
Event: 14.588 GC heap after
{Heap after GC invocations=17 (full 0):
 garbage-first heap   total 98304K, used 53040K [0x0000000080000000, 0x0000000100000000)
  region size 1024K, 5 young (5120K), 5 survivors (5120K)
 Metaspace       used 58043K, committed 58624K, reserved 479232K
  class space    used 8025K, committed 8256K, reserved 421888K
}
Event: 14.956 GC heap before
{Heap before GC invocations=17 (full 0):
 garbage-first heap   total 98304K, used 71472K [0x0000000080000000, 0x0000000100000000)
  region size 1024K, 24 young (24576K), 5 survivors (5120K)
 Metaspace       used 59966K, committed 60608K, reserved 479232K
  class space    used 8344K, committed 8640K, reserved 421888K
}
Event: 14.962 GC heap after
{Heap after GC invocations=18 (full 0):
 garbage-first heap   total 98304K, used 53939K [0x0000000080000000, 0x0000000100000000)
  region size 1024K, 2 young (2048K), 2 survivors (2048K)
 Metaspace       used 59966K, committed 60608K, reserved 479232K
  class space    used 8344K, committed 8640K, reserved 421888K
}
Event: 15.475 GC heap before
{Heap before GC invocations=19 (full 0):
 garbage-first heap   total 109568K, used 83635K [0x0000000080000000, 0x0000000100000000)
  region size 1024K, 27 young (27648K), 2 survivors (2048K)
 Metaspace       used 61759K, committed 62464K, reserved 479232K
  class space    used 8578K, committed 8896K, reserved 421888K
}
Event: 15.481 GC heap after
{Heap after GC invocations=20 (full 0):
 garbage-first heap   total 109568K, used 58852K [0x0000000080000000, 0x0000000100000000)
  region size 1024K, 2 young (2048K), 2 survivors (2048K)
 Metaspace       used 61759K, committed 62464K, reserved 479232K
  class space    used 8578K, committed 8896K, reserved 421888K
}
Event: 15.927 GC heap before
{Heap before GC invocations=20 (full 0):
 garbage-first heap   total 109568K, used 89572K [0x0000000080000000, 0x0000000100000000)
  region size 1024K, 32 young (32768K), 2 survivors (2048K)
 Metaspace       used 64757K, committed 65408K, reserved 479232K
  class space    used 8998K, committed 9280K, reserved 421888K
}
Event: 15.932 GC heap after
{Heap after GC invocations=21 (full 0):
 garbage-first heap   total 109568K, used 60130K [0x0000000080000000, 0x0000000100000000)
  region size 1024K, 4 young (4096K), 4 survivors (4096K)
 Metaspace       used 64757K, committed 65408K, reserved 479232K
  class space    used 8998K, committed 9280K, reserved 421888K
}
Event: 16.542 GC heap before
{Heap before GC invocations=22 (full 0):
 garbage-first heap   total 112640K, used 88802K [0x0000000080000000, 0x0000000100000000)
  region size 1024K, 33 young (33792K), 4 survivors (4096K)
 Metaspace       used 67126K, committed 67776K, reserved 487424K
  class space    used 9307K, committed 9600K, reserved 421888K
}
Event: 16.550 GC heap after
{Heap after GC invocations=23 (full 0):
 garbage-first heap   total 112640K, used 61699K [0x0000000080000000, 0x0000000100000000)
  region size 1024K, 4 young (4096K), 4 survivors (4096K)
 Metaspace       used 67126K, committed 67776K, reserved 487424K
  class space    used 9307K, committed 9600K, reserved 421888K
}
Event: 17.045 GC heap before
{Heap before GC invocations=23 (full 0):
 garbage-first heap   total 112640K, used 93443K [0x0000000080000000, 0x0000000100000000)
  region size 1024K, 35 young (35840K), 4 survivors (4096K)
 Metaspace       used 69068K, committed 69696K, reserved 487424K
  class space    used 9612K, committed 9920K, reserved 421888K
}
Event: 17.055 GC heap after
{Heap after GC invocations=24 (full 0):
 garbage-first heap   total 135168K, used 63719K [0x0000000080000000, 0x0000000100000000)
  region size 1024K, 4 young (4096K), 4 survivors (4096K)
 Metaspace       used 69068K, committed 69696K, reserved 487424K
  class space    used 9612K, committed 9920K, reserved 421888K
}
Event: 19.466 GC heap before
{Heap before GC invocations=25 (full 0):
 garbage-first heap   total 135168K, used 107751K [0x0000000080000000, 0x0000000100000000)
  region size 1024K, 47 young (48128K), 4 survivors (4096K)
 Metaspace       used 72296K, committed 72960K, reserved 487424K
  class space    used 10111K, committed 10432K, reserved 421888K
}
Event: 19.479 GC heap after
{Heap after GC invocations=26 (full 0):
 garbage-first heap   total 135168K, used 67816K [0x0000000080000000, 0x0000000100000000)
  region size 1024K, 6 young (6144K), 6 survivors (6144K)
 Metaspace       used 72296K, committed 72960K, reserved 487424K
  class space    used 10111K, committed 10432K, reserved 421888K
}
Event: 20.664 GC heap before
{Heap before GC invocations=26 (full 0):
 garbage-first heap   total 135168K, used 107752K [0x0000000080000000, 0x0000000100000000)
  region size 1024K, 46 young (47104K), 6 survivors (6144K)
 Metaspace       used 75414K, committed 76160K, reserved 487424K
  class space    used 10500K, committed 10816K, reserved 421888K
}
Event: 20.681 GC heap after
{Heap after GC invocations=27 (full 0):
 garbage-first heap   total 135168K, used 71706K [0x0000000080000000, 0x0000000100000000)
  region size 1024K, 4 young (4096K), 4 survivors (4096K)
 Metaspace       used 75414K, committed 76160K, reserved 487424K
  class space    used 10500K, committed 10816K, reserved 421888K
}

